<?xml version="1.0" encoding="UTF-8"?>
<!-- Generated by org.testng.reporters.JUnitReportReporter -->
<testsuite hostname="DESKTOP-I8KLFNC" failures="0" tests="1" name="testng.CrossBrowserMethodUsers" time="89.721" errors="0" timestamp="2022-04-25T11:15:58 IST" skipped="0">
  <testcase classname="testng.CrossBrowserMethodUsers" name="testUsers" time="89.721"/>
  <system-out/>
</testsuite> <!-- testng.CrossBrowserMethodUsers -->
