<?xml version="1.0" encoding="UTF-8"?>
<!-- Generated by org.testng.reporters.JUnitReportReporter -->
<testsuite hostname="DESKTOP-I8KLFNC" failures="0" tests="2" name="testng.AnnotationConfg2" time="0.030" errors="0" timestamp="2022-04-17T11:27:43 IST" skipped="0">
  <testcase classname="testng.AnnotationConfg2" name="testCase" time="0.022"/>
  <system-out/>
  <testcase classname="testng.AnnotationConfg2" name="testCase" time="0.008"/>
  <system-out/>
</testsuite> <!-- testng.AnnotationConfg2 -->
