<?xml version="1.0" encoding="UTF-8"?>
<!-- Generated by org.testng.reporters.JUnitReportReporter -->
<testsuite hostname="DESKTOP-I8KLFNC" failures="0" tests="1" name="testng.DemoLogin" time="54.584" errors="0" timestamp="2022-04-13T14:14:20 IST" skipped="0">
  <testcase classname="testng.DemoLogin" name="testLogin" time="54.584"/>
  <system-out/>
</testsuite> <!-- testng.DemoLogin -->
