<?xml version="1.0" encoding="UTF-8"?>
<!-- Generated by org.testng.reporters.JUnitReportReporter -->
<testsuite hostname="DESKTOP-I8KLFNC" failures="0" tests="1" name="testng.AnnotationConfg5" time="0.023" errors="0" timestamp="2022-04-17T11:31:06 IST" skipped="0">
  <testcase classname="testng.AnnotationConfg5" name="addProfilePic" time="0.023"/>
  <system-out/>
</testsuite> <!-- testng.AnnotationConfg5 -->
