<?xml version="1.0" encoding="UTF-8"?>
<!-- Generated by org.testng.reporters.JUnitReportReporter -->
<testsuite hostname="DESKTOP-I8KLFNC" failures="0" tests="5" name="testng.DataProvdr3" time="0.063" errors="0" timestamp="2022-04-25T10:32:59 IST" skipped="0">
  <testcase classname="testng.DataProvdr3" name="testProducts" time="0.012"/>
  <system-out/>
  <testcase classname="testng.DataProvdr3" name="testProducts" time="0.016"/>
  <system-out/>
  <testcase classname="testng.DataProvdr3" name="testProducts" time="0.009"/>
  <system-out/>
  <testcase classname="testng.DataProvdr3" name="testProducts" time="0.005"/>
  <system-out/>
  <testcase classname="testng.DataProvdr3" name="testProducts" time="0.021"/>
  <system-out/>
</testsuite> <!-- testng.DataProvdr3 -->
