<?xml version="1.0" encoding="UTF-8"?>
<!-- Generated by org.testng.reporters.JUnitReportReporter -->
<testsuite hostname="DESKTOP-I8KLFNC" failures="0" tests="3" name="testng.DataProvdr" time="67.761" errors="0" timestamp="2022-04-25T10:30:12 IST" skipped="0">
  <testcase classname="testng.DataProvdr" name="loginTest" time="17.757"/>
  <system-out/>
  <testcase classname="testng.DataProvdr" name="loginTest" time="22.020"/>
  <system-out/>
  <testcase classname="testng.DataProvdr" name="loginTest" time="27.984"/>
  <system-out/>
</testsuite> <!-- testng.DataProvdr -->
