<?xml version="1.0" encoding="UTF-8"?>
<!-- Generated by org.testng.reporters.JUnitReportReporter -->
<testsuite hostname="DESKTOP-I8KLFNC" failures="0" tests="2" name="testng.CrossBrowserTest1" time="0.020" errors="0" timestamp="2022-04-17T18:00:06 IST" skipped="0">
  <testcase classname="testng.CrossBrowserTest1" name="testCase" time="0.006"/>
  <system-out/>
  <testcase classname="testng.CrossBrowserTest1" name="testCase" time="0.014"/>
  <system-out/>
</testsuite> <!-- testng.CrossBrowserTest1 -->
