<?xml version="1.0" encoding="UTF-8"?>
<!-- Generated by org.testng.reporters.JUnitReportReporter -->
<testsuite hostname="DESKTOP-I8KLFNC" failures="0" tests="1" name="trestsuite.MoveToXaxis" time="18.336" errors="0" timestamp="2022-04-15T10:35:08 IST" skipped="0">
  <testcase classname="trestsuite.MoveToXaxis" name="moveToXaxis" time="18.336"/>
  <system-out/>
</testsuite> <!-- trestsuite.MoveToXaxis -->
