<?xml version="1.0" encoding="UTF-8"?>
<!-- Generated by org.testng.reporters.JUnitReportReporter -->
<testsuite hostname="DESKTOP-I8KLFNC" failures="0" tests="2" name="testng.AnnotationClass2" time="0.034" errors="0" timestamp="2022-04-25T09:50:54 IST" skipped="0">
  <testcase classname="testng.AnnotationClass2" name="testCase" time="0.020"/>
  <system-out/>
  <testcase classname="testng.AnnotationClass2" name="testCase" time="0.014"/>
  <system-out/>
</testsuite> <!-- testng.AnnotationClass2 -->
