<?xml version="1.0" encoding="UTF-8"?>
<!-- Generated by org.testng.reporters.JUnitReportReporter -->
<testsuite hostname="DESKTOP-I8KLFNC" failures="0" tests="1" name="testng.CrossBrowser4" time="0.028" errors="0" timestamp="2022-04-17T11:38:13 IST" skipped="0">
  <testcase classname="testng.CrossBrowser4" name="testLogin4" time="0.028"/>
  <system-out/>
</testsuite> <!-- testng.CrossBrowser4 -->
