<?xml version="1.0" encoding="UTF-8"?>
<!-- Generated by org.testng.reporters.JUnitReportReporter -->
<testsuite hostname="DESKTOP-I8KLFNC" failures="0" tests="1" name="testng.AnnotationConfg4" time="0.024" errors="0" timestamp="2022-04-17T11:28:19 IST" skipped="0">
  <testcase classname="testng.AnnotationConfg4" name="addFriend" time="0.024"/>
  <system-out/>
</testsuite> <!-- testng.AnnotationConfg4 -->
