<?xml version="1.0" encoding="UTF-8"?>
<!-- Generated by org.testng.reporters.JUnitReportReporter -->
<testsuite hostname="DESKTOP-I8KLFNC" failures="0" tests="2" name="testng.AnnotationMethod2" time="0.051" errors="0" timestamp="2022-06-05T12:15:34 IST" skipped="0">
  <testcase classname="testng.AnnotationMethod2" name="testCase" time="0.025"/>
  <system-out/>
  <testcase classname="testng.AnnotationMethod2" name="testCase" time="0.026"/>
  <system-out/>
</testsuite> <!-- testng.AnnotationMethod2 -->
