<?xml version="1.0" encoding="UTF-8"?>
<!-- Generated by org.testng.reporters.JUnitReportReporter -->
<testsuite hostname="DESKTOP-I8KLFNC" failures="0" tests="2" name="testng.DemoLogin_HardAssert2" time="122.724" errors="0" timestamp="2022-04-15T21:26:00 IST" skipped="0">
  <testcase classname="testng.DemoLogin_HardAssert2" name="testLogin" time="61.710"/>
  <system-out/>
  <testcase classname="testng.DemoLogin_HardAssert2" name="testLogin" time="61.014"/>
  <system-out/>
</testsuite> <!-- testng.DemoLogin_HardAssert2 -->
