<?xml version="1.0" encoding="UTF-8"?>
<!-- Generated by org.testng.reporters.JUnitReportReporter -->
<testsuite hostname="DESKTOP-I8KLFNC" failures="0" tests="2" name="testng.AnnotationClass3" time="0.022" errors="0" timestamp="2022-04-17T16:06:47 IST" skipped="0">
  <testcase classname="testng.AnnotationClass3" name="testCase1" time="0.017"/>
  <system-out/>
  <testcase classname="testng.AnnotationClass3" name="testCase2" time="0.005"/>
  <system-out/>
</testsuite> <!-- testng.AnnotationClass3 -->
