<?xml version="1.0" encoding="UTF-8"?>
<!-- Generated by org.testng.reporters.JUnitReportReporter -->
<testsuite hostname="DESKTOP-I8KLFNC" failures="0" tests="2" name="testng.CrossBrowser3" time="0.034" errors="0" timestamp="2022-04-17T11:35:39 IST" skipped="0">
  <testcase classname="testng.CrossBrowser3" name="testLogin3" time="0.016"/>
  <system-out/>
  <testcase classname="testng.CrossBrowser3" name="testLogin3" time="0.018"/>
  <system-out/>
</testsuite> <!-- testng.CrossBrowser3 -->
