<?xml version="1.0" encoding="UTF-8"?>
<!-- Generated by org.testng.reporters.JUnitReportReporter -->
<testsuite hostname="DESKTOP-I8KLFNC" failures="0" tests="2" name="testng.AnnotationConfg3" time="0.028" errors="0" timestamp="2022-04-17T11:28:00 IST" skipped="0">
  <testcase classname="testng.AnnotationConfg3" name="testCase1" time="0.023"/>
  <system-out/>
  <testcase classname="testng.AnnotationConfg3" name="testCase2" time="0.005"/>
  <system-out/>
</testsuite> <!-- testng.AnnotationConfg3 -->
