<?xml version="1.0" encoding="UTF-8"?>
<!-- Generated by org.testng.reporters.JUnitReportReporter -->
<testsuite hostname="DESKTOP-I8KLFNC" failures="0" tests="2" name="testng.AnnotationMethod3" time="0.046" errors="0" timestamp="2022-06-05T12:16:09 IST" skipped="0">
  <testcase classname="testng.AnnotationMethod3" name="testCase1" time="0.019"/>
  <system-out/>
  <testcase classname="testng.AnnotationMethod3" name="testCase2" time="0.027"/>
  <system-out/>
</testsuite> <!-- testng.AnnotationMethod3 -->
