<?xml version="1.0" encoding="UTF-8"?>
<!-- Generated by org.testng.reporters.JUnitReportReporter -->
<testsuite hostname="DESKTOP-I8KLFNC" failures="0" tests="2" name="testng.Groups" time="0.034" errors="0" timestamp="2022-04-16T11:12:15 IST" skipped="0">
  <testcase classname="testng.Groups" name="addFriend" time="0.028"/>
  <system-out/>
  <testcase classname="testng.Groups" name="login" time="0.006"/>
  <system-out/>
</testsuite> <!-- testng.Groups -->
