<?xml version="1.0" encoding="UTF-8"?>
<!-- Generated by org.testng.reporters.JUnitReportReporter -->
<testsuite hostname="DESKTOP-I8KLFNC" failures="0" tests="1" name="testng.Groups2" time="0.010" errors="0" timestamp="2022-04-16T11:12:15 IST" skipped="0">
  <testcase classname="testng.Groups2" name="test" time="0.010"/>
  <system-out/>
</testsuite> <!-- testng.Groups2 -->
