<?xml version="1.0" encoding="UTF-8"?>
<!-- Generated by org.testng.reporters.JUnitReportReporter -->
<testsuite hostname="DESKTOP-I8KLFNC" failures="0" tests="1" name="testng.AnnotationTest2" time="0.031" errors="0" timestamp="2022-04-17T18:06:31 IST" skipped="0">
  <testcase classname="testng.AnnotationTest2" name="addPic" time="0.031"/>
  <system-out/>
</testsuite> <!-- testng.AnnotationTest2 -->
