<?xml version="1.0" encoding="UTF-8"?>
<!-- Generated by org.testng.reporters.JUnitReportReporter -->
<testsuite hostname="DESKTOP-I8KLFNC" failures="0" tests="1" name="testng.AnnotationConfg7" time="0.025" errors="0" timestamp="2022-04-17T11:31:40 IST" skipped="0">
  <testcase classname="testng.AnnotationConfg7" name="addGirlFriend" time="0.025"/>
  <system-out/>
</testsuite> <!-- testng.AnnotationConfg7 -->
