<?xml version="1.0" encoding="UTF-8"?>
<!-- Generated by org.testng.reporters.JUnitReportReporter -->
<testsuite hostname="DESKTOP-I8KLFNC" failures="0" tests="1" name="testng.AnnotationConfg" time="0.027" errors="0" timestamp="2022-04-17T11:27:25 IST" skipped="0">
  <testcase classname="testng.AnnotationConfg" name="testCase" time="0.027"/>
  <system-out/>
</testsuite> <!-- testng.AnnotationConfg -->
