<?xml version="1.0" encoding="UTF-8"?>
<!-- Generated by org.testng.reporters.JUnitReportReporter -->
<testsuite hostname="DESKTOP-I8KLFNC" failures="0" tests="2" name="testng.ForestTest" time="0.030" errors="0" timestamp="2022-04-14T17:54:28 IST" skipped="0">
  <testcase classname="testng.ForestTest" name="peackockTest" time="0.022"/>
  <system-out/>
  <testcase classname="testng.ForestTest" name="lionTest" time="0.008"/>
  <system-out/>
</testsuite> <!-- testng.ForestTest -->
