<?xml version="1.0" encoding="UTF-8"?>
<!-- Generated by org.testng.reporters.JUnitReportReporter -->
<testsuite hostname="DESKTOP-I8KLFNC" failures="0" tests="2" name="testng.CrossBrowserClassUserAndReports" time="24.509" errors="0" timestamp="2022-04-17T16:36:09 IST" skipped="0">
  <testcase classname="testng.CrossBrowserClassUserAndReports" name="testReports" time="14.087"/>
  <system-out/>
  <testcase classname="testng.CrossBrowserClassUserAndReports" name="testUsers" time="10.422"/>
  <system-out/>
</testsuite> <!-- testng.CrossBrowserClassUserAndReports -->
