<?xml version="1.0" encoding="UTF-8"?>
<!-- Generated by org.testng.reporters.JUnitReportReporter -->
<testsuite hostname="DESKTOP-I8KLFNC" failures="0" tests="3" name="testng.DemoLogin_HardAssert" time="226.226" errors="0" timestamp="2022-04-25T10:24:45 IST" skipped="0">
  <testcase classname="testng.DemoLogin_HardAssert" name="testLogin" time="53.393"/>
  <system-out/>
  <testcase classname="testng.DemoLogin_HardAssert" name="testLogin" time="53.745"/>
  <system-out/>
  <testcase classname="testng.DemoLogin_HardAssert" name="testLogin" time="119.088"/>
  <system-out/>
</testsuite> <!-- testng.DemoLogin_HardAssert -->
