<?xml version="1.0" encoding="UTF-8"?>
<!-- Generated by org.testng.reporters.JUnitReportReporter -->
<testsuite hostname="DESKTOP-I8KLFNC" failures="0" tests="1" name="testng.CrossBrowser" time="0.018" errors="0" timestamp="2022-04-17T11:33:38 IST" skipped="0">
  <testcase classname="testng.CrossBrowser" name="testLogin1" time="0.018"/>
  <system-out/>
</testsuite> <!-- testng.CrossBrowser -->
