<?xml version="1.0" encoding="UTF-8"?>
<!-- Generated by org.testng.reporters.JUnitReportReporter -->
<testsuite hostname="DESKTOP-I8KLFNC" failures="0" tests="1" name="testng.CrossBrowserReportsLink" time="97.565" errors="0" timestamp="2022-04-17T15:44:30 IST" skipped="0">
  <testcase classname="testng.CrossBrowserReportsLink" name="testReports" time="97.565"/>
  <system-out/>
</testsuite> <!-- testng.CrossBrowserReportsLink -->
