<?xml version="1.0" encoding="UTF-8"?>
<!-- Generated by org.testng.reporters.JUnitReportReporter -->
<testsuite hostname="DESKTOP-I8KLFNC" failures="0" tests="1" name="testng.AnnotationConfg6" time="0.039" errors="0" timestamp="2022-04-17T11:31:20 IST" skipped="0">
  <testcase classname="testng.AnnotationConfg6" name="addComment" time="0.039"/>
  <system-out/>
</testsuite> <!-- testng.AnnotationConfg6 -->
