<?xml version="1.0" encoding="UTF-8"?>
<!-- Generated by org.testng.reporters.JUnitReportReporter -->
<testsuite hostname="DESKTOP-I8KLFNC" failures="0" tests="6" name="testng.Test2" time="0.165" errors="0" timestamp="2022-04-14T17:07:29 IST" skipped="0">
  <testcase classname="testng.Test2" name="buffaloTest" time="0.031"/>
  <system-out/>
  <testcase classname="testng.Test2" name="peackockTest" time="0.019"/>
  <system-out/>
  <testcase classname="testng.Test2" name="giraffeTest" time="0.021"/>
  <system-out/>
  <testcase classname="testng.Test2" name="rhinoTest" time="0.014"/>
  <system-out/>
  <testcase classname="testng.Test2" name="tigerTest" time="0.010"/>
  <system-out/>
  <testcase classname="testng.Test2" name="lionTest" time="0.070"/>
  <system-out/>
</testsuite> <!-- testng.Test2 -->
