<?xml version="1.0" encoding="UTF-8"?>
<!-- Generated by org.testng.reporters.JUnitReportReporter -->
<testsuite hostname="DESKTOP-I8KLFNC" failures="0" tests="1" name="trestsuite.MoveToElement" time="27.105" errors="0" timestamp="2022-04-15T10:35:08 IST" skipped="0">
  <testcase classname="trestsuite.MoveToElement" name="moveToElement" time="27.105"/>
  <system-out/>
</testsuite> <!-- trestsuite.MoveToElement -->
