<?xml version="1.0" encoding="UTF-8"?>
<!-- Generated by org.testng.reporters.JUnitReportReporter -->
<testsuite hostname="DESKTOP-I8KLFNC" failures="0" tests="2" name="testng.CrossBrowser5" time="103.742" errors="0" timestamp="2022-04-20T15:36:28 IST" skipped="0">
  <testcase classname="testng.CrossBrowser5" name="testUsers" time="49.190"/>
  <system-out/>
  <testcase classname="testng.CrossBrowser5" name="testUsers" time="54.552"/>
  <system-out/>
</testsuite> <!-- testng.CrossBrowser5 -->
