<?xml version="1.0" encoding="UTF-8"?>
<!-- Generated by org.testng.reporters.JUnitReportReporter -->
<testsuite hostname="DESKTOP-I8KLFNC" failures="0" tests="1" name="testng.CrossBrowserUsersLink" time="109.017" errors="0" timestamp="2022-04-17T15:44:30 IST" skipped="0">
  <testcase classname="testng.CrossBrowserUsersLink" name="testUsers" time="109.017"/>
  <system-out/>
</testsuite> <!-- testng.CrossBrowserUsersLink -->
