<?xml version="1.0" encoding="UTF-8"?>
<!-- Generated by org.testng.reporters.JUnitReportReporter -->
<testsuite hostname="DESKTOP-I8KLFNC" failures="0" tests="1" name="testng.AnnotationMethod1" time="0.035" errors="0" timestamp="2022-06-05T12:14:25 IST" skipped="0">
  <testcase classname="testng.AnnotationMethod1" name="testCase" time="0.035"/>
  <system-out/>
</testsuite> <!-- testng.AnnotationMethod1 -->
