<?xml version="1.0" encoding="UTF-8"?>
<!-- Generated by org.testng.reporters.JUnitReportReporter -->
<testsuite hostname="DESKTOP-I8KLFNC" failures="0" tests="1" name="testng.AnnotationTest1" time="0.003" errors="0" timestamp="2022-04-17T18:06:31 IST" skipped="0">
  <testcase classname="testng.AnnotationTest1" name="addPic1" time="0.003"/>
  <system-out/>
</testsuite> <!-- testng.AnnotationTest1 -->
