<?xml version="1.0" encoding="UTF-8"?>
<!-- Generated by org.testng.reporters.JUnitReportReporter -->
<testsuite hostname="DESKTOP-I8KLFNC" failures="0" tests="1" name="testng.Test1" time="0.083" errors="0" timestamp="2022-04-13T12:35:23 IST" skipped="0">
  <testcase classname="testng.Test1" name="testLogin" time="0.083"/>
  <system-out>
    <![CDATA[Running testLogin test case]]>
  </system-out>
</testsuite> <!-- testng.Test1 -->
