<?xml version="1.0" encoding="UTF-8"?>
<!-- Generated by org.testng.reporters.JUnitReportReporter -->
<testsuite hostname="DESKTOP-I8KLFNC" failures="0" tests="3" name="testng.DataProvdr6" time="93.844" errors="0" timestamp="2022-04-25T10:40:13 IST" skipped="0">
  <testcase classname="testng.DataProvdr6" name="testMultipleLogins" time="31.637"/>
  <system-out/>
  <testcase classname="testng.DataProvdr6" name="testMultipleLogins" time="31.624"/>
  <system-out/>
  <testcase classname="testng.DataProvdr6" name="testMultipleLogins" time="30.583"/>
  <system-out/>
</testsuite> <!-- testng.DataProvdr6 -->
