<?xml version="1.0" encoding="UTF-8"?>
<!-- Generated by org.testng.reporters.JUnitReportReporter -->
<testsuite hostname="DESKTOP-I8KLFNC" failures="0" tests="1" name="testng.CrossBrowserMethodReports" time="60.846" errors="0" timestamp="2022-04-25T11:15:58 IST" skipped="0">
  <testcase classname="testng.CrossBrowserMethodReports" name="testReports" time="60.846"/>
  <system-out/>
</testsuite> <!-- testng.CrossBrowserMethodReports -->
