<?xml version="1.0" encoding="UTF-8"?>
<!-- Generated by org.testng.reporters.JUnitReportReporter -->
<testsuite hostname="DESKTOP-I8KLFNC" failures="0" tests="1" name="testng.AnnotationClass1" time="0.013" errors="0" timestamp="2022-04-17T16:03:24 IST" skipped="0">
  <testcase classname="testng.AnnotationClass1" name="testCase" time="0.013"/>
  <system-out/>
</testsuite> <!-- testng.AnnotationClass1 -->
