<?xml version="1.0" encoding="UTF-8"?>
<!-- Generated by org.testng.reporters.JUnitReportReporter -->
<testsuite hostname="DESKTOP-I8KLFNC" failures="0" tests="2" name="testng.Group_Execution" time="0.038" errors="0" timestamp="2022-04-17T09:48:47 IST" skipped="0">
  <testcase classname="testng.Group_Execution" name="deleteProject" time="0.008"/>
  <system-out/>
  <testcase classname="testng.Group_Execution" name="createProject" time="0.030"/>
  <system-out/>
</testsuite> <!-- testng.Group_Execution -->
